[2025-08-20T03:45:39.359Z] INFO: Database connected successfully!
[2025-08-20T03:45:39.473Z] INFO: Server running at http://127.0.0.1:4000/graphql
[2025-08-20T03:46:17.376Z] INFO: Database connected successfully!
[2025-08-20T03:46:17.469Z] INFO: Server running at http://127.0.0.1:4000/graphql
[2025-08-20T03:46:34.105Z] INFO: Database connected successfully!
[2025-08-20T03:46:34.183Z] INFO: Server running at http://127.0.0.1:4000/graphql
[2025-08-20T03:46:37.162Z] INFO: Database connected successfully!
[2025-08-20T03:46:37.244Z] INFO: Server running at http://127.0.0.1:4000/graphql
[2025-08-20T03:46:39.155Z] INFO: Database connected successfully!
[2025-08-20T03:46:39.241Z] INFO: Server running at http://127.0.0.1:4000/graphql
[2025-08-20T03:46:42.580Z] INFO: Database connected successfully!
[2025-08-20T03:46:42.677Z] INFO: Server running at http://127.0.0.1:4000/graphql
[2025-08-20T03:46:53.232Z] INFO: Database connected successfully!
[2025-08-20T03:46:53.333Z] INFO: Server running at http://127.0.0.1:4000/graphql
[2025-08-20T03:47:48.435Z] INFO: Database connected successfully!
[2025-08-20T03:47:48.523Z] INFO: Server running at http://127.0.0.1:4000/graphql
[2025-08-20T03:47:51.607Z] INFO: Database connected successfully!
[2025-08-20T03:47:51.687Z] INFO: Server running at http://127.0.0.1:4000/graphql
[2025-08-20T03:48:13.373Z] INFO: Database connected successfully!
[2025-08-20T03:48:13.453Z] INFO: Server running at http://127.0.0.1:4000/graphql
[2025-08-20T04:03:58.182Z] INFO: Database connected successfully!
[2025-08-20T04:03:58.265Z] INFO: Server running at http://127.0.0.1:4000/graphql
[2025-08-20T04:04:09.934Z] INFO: Database connected successfully!
[2025-08-20T04:04:10.025Z] INFO: Server running at http://127.0.0.1:4000/graphql
[2025-08-20T04:06:06.241Z] INFO: Database connected successfully!
[2025-08-20T04:06:06.319Z] INFO: Server running at http://127.0.0.1:4000/graphql
[2025-08-20T04:07:25.864Z] INFO: Database connected successfully!
[2025-08-20T04:07:25.948Z] ERROR: Error starting server | Context: {"error":"bodyParser is not defined"}
[2025-08-20T04:07:32.374Z] INFO: Database connected successfully!
[2025-08-20T04:07:32.450Z] ERROR: Error starting server | Context: {"error":"bodyParser is not defined"}
[2025-08-20T04:07:36.056Z] INFO: Database connected successfully!
[2025-08-20T04:07:36.133Z] ERROR: Error starting server | Context: {"error":"bodyParser is not defined"}
[2025-08-20T04:07:45.078Z] INFO: Database connected successfully!
[2025-08-20T04:07:45.152Z] ERROR: Error starting server | Context: {"error":"bodyParser is not defined"}
[2025-08-20T04:08:50.163Z] INFO: Database connected successfully!
[2025-08-20T04:08:50.258Z] ERROR: Error starting server | Context: {"error":"bodyParser is not defined"}
[2025-08-20T04:08:54.546Z] INFO: Database connected successfully!
[2025-08-20T04:08:54.629Z] INFO: Server running at http://127.0.0.1:4000/graphql
[2025-08-20T04:09:12.925Z] INFO: Database connected successfully!
[2025-08-20T04:09:13.016Z] INFO: Server running at http://localhost:4000/graphql
[2025-08-20T04:10:44.067Z] INFO: Database connected successfully!
[2025-08-20T04:10:44.153Z] INFO: Server running at http://localhost:2000/graphql
[2025-08-20T04:11:24.898Z] INFO: Database connected successfully!
[2025-08-20T04:11:24.988Z] INFO: Server running at http://localhost:2000/graphql
[2025-08-20T04:12:06.303Z] INFO: Database connected successfully!
[2025-08-20T04:12:06.387Z] INFO: Server running at http://localhost:2000/graphql
[2025-08-20T04:12:12.768Z] INFO: Database connected successfully!
[2025-08-20T04:12:12.853Z] INFO: Server running at http://localhost:2000/graphql
[2025-08-20T04:12:38.583Z] INFO: Database connected successfully!
[2025-08-20T04:12:38.668Z] INFO: Server running at http://localhost:4000/graphql
[2025-08-20T04:12:47.471Z] INFO: Database connected successfully!
[2025-08-20T04:12:47.547Z] INFO: Server running at http://localhost:4000/graphql
[2025-08-20T04:12:49.069Z] INFO: Database connected successfully!
[2025-08-20T04:12:49.184Z] INFO: Server running at http://localhost:4000/graphql
[2025-08-20T04:12:55.403Z] INFO: Database connected successfully!
[2025-08-20T04:12:55.482Z] INFO: Server running at http://localhost:4000/graphql
[2025-08-20T04:13:24.125Z] INFO: Database connected successfully!
[2025-08-20T04:13:24.209Z] INFO: Server running at http://localhost:4000/graphql
[2025-08-20T04:13:47.025Z] INFO: Database connected successfully!
[2025-08-20T04:13:47.102Z] INFO: Server running at http://localhost:4000/graphql
[2025-08-20T04:13:49.182Z] INFO: Database connected successfully!
[2025-08-20T04:13:49.246Z] INFO: Server running at http://localhost:4000/graphql
[2025-08-20T04:13:58.311Z] INFO: Database connected successfully!
[2025-08-20T04:13:58.398Z] INFO: Server running at http://localhost:4000/graphql
[2025-08-20T04:14:03.788Z] INFO: Database connected successfully!
[2025-08-20T04:14:03.868Z] INFO: Server running at http://localhost:4000/graphql
[2025-08-20T04:16:06.155Z] INFO: Database connected successfully!
[2025-08-20T04:16:06.272Z] INFO: Server running at http://localhost:4000/graphql
[2025-08-20T04:16:08.165Z] INFO: Database connected successfully!
[2025-08-20T04:16:08.243Z] INFO: Server running at http://localhost:4000/graphql
[2025-08-20T04:16:18.938Z] INFO: Database connected successfully!
[2025-08-20T04:16:19.032Z] INFO: Server running at http://localhost:4000/graphql
[2025-08-20T04:16:50.847Z] INFO: Database connected successfully!
[2025-08-20T04:16:50.944Z] INFO: Server running at http://localhost:4000/graphql
[2025-08-20T04:16:57.647Z] INFO: Database connected successfully!
[2025-08-20T04:16:57.745Z] INFO: Server running at http://localhost:4000/graphql
[2025-08-20T04:17:23.068Z] INFO: Database connected successfully!
[2025-08-20T04:17:23.165Z] INFO: Server running at http://localhost:4000/graphql
[2025-08-20T04:17:31.459Z] INFO: Database connected successfully!
[2025-08-20T04:17:31.549Z] INFO: Server running at http://localhost:4000/graphql
[2025-08-20T04:17:53.960Z] INFO: Database connected successfully!
[2025-08-20T04:17:54.044Z] INFO: Server running at http://localhost:4000/graphql
[2025-08-20T04:18:14.342Z] INFO: Database connected successfully!
[2025-08-20T04:18:14.417Z] INFO: Server running at http://localhost:4000/graphql
[2025-08-20T04:19:23.873Z] INFO: Database connected successfully!
[2025-08-20T04:25:06.054Z] INFO: Database connected successfully!
[2025-08-20T04:25:06.145Z] INFO: Server running at http://localhost:4000/graphql
[2025-08-20T04:25:22.196Z] INFO: Database connected successfully!
[2025-08-20T04:25:22.285Z] INFO: Server running at http://localhost:4000/graphql
[2025-08-20T04:25:24.659Z] INFO: Database connected successfully!
[2025-08-20T04:25:24.729Z] INFO: Server running at http://localhost:4000/graphql
[2025-08-20T04:25:28.759Z] INFO: Database connected successfully!
[2025-08-20T04:25:28.840Z] INFO: Server running at http://localhost:4000/graphql
[2025-08-20T04:25:36.561Z] INFO: Database connected successfully!
[2025-08-20T04:25:36.652Z] INFO: Server running at http://localhost:4000/graphql
[2025-08-20T04:28:25.340Z] INFO: Database connected successfully!
[2025-08-20T04:28:25.424Z] INFO: Server running at http://localhost:4000/graphql
[2025-08-20T04:31:25.606Z] INFO: Database connected successfully!
[2025-08-20T04:31:25.609Z] ERROR: Error starting server | Context: {"error":"con is not defined"}
[2025-08-20T04:31:30.292Z] INFO: Database connected successfully!
[2025-08-20T04:31:30.378Z] INFO: Server running at http://localhost:4000/graphql
[2025-08-20T04:33:25.228Z] INFO: Database connected successfully!
[2025-08-20T04:33:25.327Z] INFO: Server running at http://localhost:4000/graphql
[2025-08-20T04:45:03.658Z] INFO: Database connected successfully!
[2025-08-20T04:45:03.661Z] ERROR: Error starting server | Context: {"error":"app is not defined"}
[2025-08-20T04:45:07.096Z] INFO: Database connected successfully!
[2025-08-20T04:45:07.100Z] ERROR: Error starting server | Context: {"error":"app is not defined"}
[2025-08-20T04:45:15.042Z] INFO: Database connected successfully!
[2025-08-20T04:45:15.045Z] ERROR: Error starting server | Context: {"error":"serverHttp is not defined"}
[2025-08-20T04:45:21.760Z] INFO: Database connected successfully!
[2025-08-20T04:45:21.766Z] INFO: Server running at /graphql
[2025-08-20T04:45:23.549Z] INFO: Database connected successfully!
[2025-08-20T04:45:23.555Z] INFO: Server running at /graphql
[2025-08-20T04:45:47.115Z] INFO: Database connected successfully!
[2025-08-20T04:45:47.118Z] ERROR: Error starting server | Context: {"error":"ApolloServer requires options."}
[2025-08-20T04:45:48.446Z] INFO: Database connected successfully!
[2025-08-20T04:45:48.448Z] ERROR: Error starting server | Context: {"error":"ApolloServer requires options."}
[2025-08-20T04:45:50.093Z] INFO: Database connected successfully!
[2025-08-20T04:45:50.096Z] ERROR: Error starting server | Context: {"error":"ApolloServer requires options."}
[2025-08-20T04:45:54.994Z] INFO: Database connected successfully!
[2025-08-20T04:45:54.997Z] ERROR: Error starting server | Context: {"error":"schemaHelper is not defined"}
[2025-08-20T04:46:06.566Z] INFO: Database connected successfully!
[2025-08-20T04:46:06.569Z] ERROR: Error starting server | Context: {"error":"schemaH is not defined"}
[2025-08-20T04:47:06.549Z] INFO: Database connected successfully!
[2025-08-20T04:47:06.656Z] INFO: Server running at http://localhost:4000/graphql
[2025-08-20T04:47:20.693Z] INFO: Database connected successfully!
[2025-08-20T04:47:20.766Z] INFO: Server running at http://localhost:4000/graphql
[2025-08-20T04:48:37.719Z] INFO: Database connected successfully!
[2025-08-20T04:48:37.843Z] INFO: Server running at http://localhost:4000/graphql
[2025-08-20T04:48:47.586Z] INFO: Database connected successfully!
[2025-08-20T04:48:47.677Z] INFO: Server running at http://localhost:4000/graphql
[2025-08-20T04:53:47.487Z] INFO: Server running at http://localhost:4000/graphql
[2025-08-20T04:53:50.803Z] ERROR: Error starting server | Context: {"error":"app is not defined"}
[2025-08-20T04:53:53.861Z] ERROR: Error starting server | Context: {"error":"app is not defined"}
[2025-08-20T04:53:56.611Z] ERROR: Error starting server | Context: {"error":"schema is not defined"}
[2025-08-20T04:54:36.323Z] ERROR: Error starting server | Context: {"error":"apolloServer is not defined"}
[2025-08-20T04:54:45.655Z] ERROR: Error starting server | Context: {"error":"app is not defined"}
[2025-08-20T04:55:11.024Z] ERROR: Error starting server | Context: {"error":"app is not defined"}
[2025-08-20T04:55:19.707Z] ERROR: Error starting server | Context: {"error":"createServ is not defined"}
[2025-08-20T05:04:43.055Z] INFO: Database connected successfully!
[2025-08-20T05:04:43.159Z] INFO: Server running at http://localhost:4000http://localhost:4000/graphql
[2025-08-20T05:04:56.510Z] INFO: Database connected successfully!
[2025-08-20T05:04:56.605Z] INFO: Server running at http://localhost:4000http://localhost:4000/graphql
[2025-08-20T05:05:57.443Z] INFO: Database connected successfully!
[2025-08-20T05:05:57.525Z] INFO: Server running at http://localhost:4000http://localhost:4000/graphql
[2025-08-20T05:06:17.387Z] INFO: Database connected successfully!
[2025-08-20T05:06:17.465Z] INFO: Server running at http://localhost:4000/graphql
[2025-08-20T05:07:24.323Z] INFO: Database connected successfully!
[2025-08-20T05:07:25.741Z] INFO: Database connected successfully!
[2025-08-20T05:07:25.826Z] INFO: Server running at http://localhost:4000/graphql
[2025-08-20T05:08:18.656Z] INFO: Database connected successfully!
[2025-08-20T05:08:18.735Z] INFO: Server running at http://localhost:4000/graphql
[2025-08-20T05:08:21.074Z] INFO: Database connected successfully!
[2025-08-20T05:08:21.151Z] ERROR: Error starting server | Context: {"error":"app.use() requires a middleware function"}
[2025-08-20T05:08:25.263Z] INFO: Database connected successfully!
[2025-08-20T05:08:25.358Z] INFO: Server running at http://localhost:4000/graphql
[2025-08-20T05:08:29.457Z] INFO: Database connected successfully!
[2025-08-20T05:08:29.543Z] INFO: Server running at http://localhost:4000/graphql
[2025-08-20T05:09:08.980Z] INFO: Database connected successfully!
[2025-08-20T05:09:08.983Z] ERROR: Error starting server | Context: {"error":"schema is not defined"}
[2025-08-20T05:09:11.658Z] INFO: Database connected successfully!
[2025-08-20T05:09:11.695Z] ERROR: Error starting server | Context: {"error":"schema is not defined"}
[2025-08-20T05:09:14.109Z] INFO: Database connected successfully!
[2025-08-20T05:09:14.145Z] ERROR: Error starting server | Context: {"error":"schema is not defined"}
[2025-08-20T05:09:15.874Z] INFO: Database connected successfully!
[2025-08-20T05:09:15.909Z] ERROR: Error starting server | Context: {"error":"schema is not defined"}
[2025-08-20T05:09:26.467Z] INFO: Database connected successfully!
[2025-08-20T05:09:26.512Z] ERROR: Error starting server | Context: {"error":"server is not defined"}
[2025-08-20T05:09:27.986Z] INFO: Database connected successfully!
[2025-08-20T05:09:28.060Z] ERROR: Error starting server | Context: {"error":"server is not defined"}
[2025-08-20T05:09:30.425Z] INFO: Database connected successfully!
[2025-08-20T05:09:30.496Z] ERROR: Error starting server | Context: {"error":"server is not defined"}
[2025-08-20T05:09:34.010Z] INFO: Database connected successfully!
[2025-08-20T05:09:34.107Z] ERROR: Error starting server | Context: {"error":"server is not defined"}
[2025-08-20T05:09:46.298Z] INFO: Database connected successfully!
[2025-08-20T05:09:46.373Z] ERROR: Error starting server | Context: {"error":"server is not defined"}
[2025-08-20T05:12:43.480Z] INFO: Database connected successfully!
[2025-08-20T05:12:43.584Z] ERROR: Error starting server | Context: {"error":"server is not defined"}
[2025-08-20T05:12:45.178Z] INFO: Database connected successfully!
[2025-08-20T05:12:45.252Z] ERROR: Error starting server | Context: {"error":"server is not defined"}
[2025-08-20T05:12:55.495Z] INFO: Database connected successfully!
[2025-08-20T05:12:55.569Z] ERROR: Error starting server | Context: {"error":"server is not defined"}
[2025-08-20T05:13:49.670Z] INFO: Database connected successfully!
[2025-08-20T05:13:49.747Z] INFO: Server running at http://localhost:4000/graphql
[2025-08-20T05:14:04.570Z] INFO: Database connected successfully!
[2025-08-20T05:14:04.645Z] INFO: Server running at http://localhost:4000/graphql
[2025-08-20T05:17:40.710Z] INFO: Database connected successfully!
[2025-08-20T05:17:40.791Z] INFO: Server running at http://localhost:4000/graphql
[2025-08-20T05:19:10.359Z] INFO: Database connected successfully!
[2025-08-20T05:19:10.426Z] INFO: Server running at http://localhost:4000/graphql
[2025-08-20T05:19:19.322Z] INFO: Database connected successfully!
[2025-08-20T05:19:19.410Z] INFO: Server running at http://localhost:4000/graphql
[2025-08-20T05:19:39.369Z] INFO: Database connected successfully!
[2025-08-20T05:19:39.457Z] INFO: Server running at http://localhost:4000/graphql
[2025-08-20T05:19:44.993Z] INFO: Database connected successfully!
[2025-08-20T05:19:45.070Z] INFO: Server running at http://localhost:4000/graphql
[2025-08-20T05:20:01.995Z] INFO: Database connected successfully!
[2025-08-20T05:20:02.074Z] INFO: Server running at http://localhost:4000/graphql
[2025-08-20T05:24:50.723Z] ERROR: Error starting server | Context: {"error":"serverHttp is not defined"}
[2025-08-20T05:25:11.032Z] INFO: Database connected successfully!
[2025-08-20T05:25:11.126Z] ERROR: Error starting server | Context: {"error":"serverHttp is not defined"}
[2025-08-20T05:25:25.670Z] INFO: Database connected successfully!
[2025-08-20T05:25:25.672Z] ERROR: Error starting server | Context: {"error":"http is not defined"}
[2025-08-20T05:25:31.121Z] INFO: Database connected successfully!
[2025-08-20T05:25:31.123Z] ERROR: Error starting server | Context: {"error":"http is not defined"}
[2025-08-20T05:25:37.697Z] INFO: Database connected successfully!
[2025-08-20T05:25:54.168Z] INFO: Database connected successfully!
[2025-08-20T05:25:54.253Z] INFO: Server running at http://localhost:4000/graphql
[2025-08-20T05:26:03.854Z] INFO: Database connected successfully!
[2025-08-20T05:26:03.943Z] INFO: Server running at http://localhost:4000/graphql
[2025-08-20T05:32:38.951Z] INFO: Database connected successfully!
[2025-08-20T05:32:39.047Z] INFO: Server running at http://localhost:4000/graphql
[2025-08-20T05:32:40.520Z] INFO: Database connected successfully!
[2025-08-20T05:32:40.614Z] INFO: Server running at http://localhost:4000/graphql
[2025-08-20T05:32:42.433Z] INFO: Database connected successfully!
[2025-08-20T05:32:42.518Z] INFO: Server running at http://localhost:4000/graphql
[2025-08-20T05:33:13.005Z] INFO: Database connected successfully!
[2025-08-20T05:33:13.090Z] INFO: Server running at http://localhost:4000/graphql
[2025-08-20T05:34:38.305Z] INFO: Database connected successfully!
[2025-08-20T05:34:38.393Z] INFO: Server running at http://localhost:4000/graphql
[2025-08-20T05:34:45.442Z] INFO: Database connected successfully!
[2025-08-20T05:34:45.519Z] INFO: Server running at http://localhost:4000/graphql
[2025-08-20T05:46:51.862Z] ERROR: Error starting server | Context: {"error":"SASL: SCRAM-SERVER-FIRST-MESSAGE: client password must be a string"}
[2025-08-20T05:48:22.253Z] ERROR: Error starting server | Context: {"error":"password authentication failed for user \"Rangga\""}
[2025-08-20T05:48:52.275Z] ERROR: Error starting server | Context: {"error":"password authentication failed for user \"Rangga\""}
[2025-08-20T05:49:00.796Z] ERROR: Error starting server | Context: {"error":"password authentication failed for user \"Rangga\""}
[2025-08-20T05:49:05.079Z] ERROR: Error starting server | Context: {"error":"password authentication failed for user \"Rangga\""}
[2025-08-20T05:49:33.289Z] ERROR: Error starting server | Context: {"error":"password authentication failed for user \"Rangga\""}
[2025-08-20T05:49:35.278Z] ERROR: Error starting server | Context: {"error":"password authentication failed for user \"Rangga\""}
[2025-08-20T05:51:59.865Z] INFO: Database connected successfully!
[2025-08-20T05:51:59.979Z] INFO: Server running at http://localhost:4000/graphql
[2025-08-20T05:52:17.641Z] INFO: Database connected successfully!
[2025-08-20T05:52:17.718Z] INFO: Server running at http://localhost:4000/graphql
[2025-08-20T05:56:25.995Z] ERROR: Error creating user | Context: {"error":{"message":"No metadata for \"User\" was found."},"userData":{"username":"Rangga","email":"rangga@gmail.com","password":"[HIDDEN]"}}
[2025-08-20T05:56:38.994Z] ERROR: Error creating user | Context: {"error":{"message":"No metadata for \"User\" was found."},"userData":{"username":"Rangga","email":"rangga@gmail.com","password":"[HIDDEN]"}}
[2025-08-20T05:56:39.902Z] ERROR: Error creating user | Context: {"error":{"message":"No metadata for \"User\" was found."},"userData":{"username":"Rangga","email":"rangga@gmail.com","password":"[HIDDEN]"}}
[2025-08-20T05:56:40.779Z] ERROR: Error creating user | Context: {"error":{"message":"No metadata for \"User\" was found."},"userData":{"username":"Rangga","email":"rangga@gmail.com","password":"[HIDDEN]"}}
[2025-08-20T05:56:41.460Z] ERROR: Error creating user | Context: {"error":{"message":"No metadata for \"User\" was found."},"userData":{"username":"Rangga","email":"rangga@gmail.com","password":"[HIDDEN]"}}
[2025-08-20T06:22:39.762Z] ERROR: Error starting server | Context: {"error":"serverHttp is not defined"}
[2025-08-20T06:22:43.825Z] INFO: Database connected successfully!
[2025-08-20T06:22:43.926Z] INFO: Server running at http://localhost:4000/graphql
[2025-08-20T06:22:54.377Z] INFO: Database connected successfully!
[2025-08-20T06:22:54.458Z] INFO: Server running at http://localhost:4000/graphql
[2025-08-20T06:25:59.112Z] INFO: Database connected successfully!
[2025-08-20T06:25:59.212Z] INFO: Server running at http://localhost:4000/graphql
[2025-08-20T06:26:12.597Z] INFO: Database connected successfully!
[2025-08-20T06:26:12.601Z] ERROR: Error starting server | Context: {"error":"Empty `resolvers` array property found in `buildSchema` options!"}
[2025-08-20T06:26:18.153Z] INFO: Database connected successfully!
[2025-08-20T06:26:18.245Z] INFO: Server running at http://localhost:4000/graphql
[2025-08-20T06:26:53.014Z] INFO: Database connected successfully!
[2025-08-20T06:26:53.081Z] INFO: Server running at http://localhost:4000/graphql
[2025-08-20T06:27:22.892Z] INFO: Database connected successfully!
[2025-08-20T06:27:22.970Z] INFO: Server running at http://localhost:4000/graphql
[2025-08-20T06:27:26.236Z] INFO: Database connected successfully!
[2025-08-20T06:27:26.314Z] INFO: Server running at http://localhost:4000/graphql
[2025-08-20T06:27:44.580Z] INFO: Database connected successfully!
[2025-08-20T06:27:44.654Z] INFO: Server running at http://localhost:4000/graphql
[2025-08-20T06:28:09.293Z] INFO: Database connected successfully!
[2025-08-20T06:28:09.372Z] INFO: Server running at http://localhost:4000/graphql
[2025-08-20T06:29:36.602Z] INFO: Database connected successfully!
[2025-08-20T06:29:36.713Z] INFO: Server running at http://localhost:4000/graphql
[2025-08-20T06:30:03.561Z] INFO: Database connected successfully!
[2025-08-20T06:30:03.649Z] INFO: Server running at http://localhost:4000/graphql
[2025-08-20T06:30:05.203Z] INFO: Database connected successfully!
[2025-08-20T06:30:05.292Z] INFO: Server running at http://localhost:4000/graphql
[2025-08-20T06:30:11.364Z] INFO: Database connected successfully!
[2025-08-20T06:30:11.448Z] INFO: Server running at http://localhost:4000/graphql
[2025-08-20T06:30:19.498Z] INFO: Database connected successfully!
[2025-08-20T06:30:20.989Z] INFO: Database connected successfully!
[2025-08-20T06:30:56.388Z] INFO: Database connected successfully!
[2025-08-20T06:31:01.421Z] INFO: Database connected successfully!
[2025-08-20T06:31:01.512Z] INFO: Server running at http://localhost:4000/graphql
[2025-08-20T06:31:37.395Z] INFO: Database connected successfully!
[2025-08-20T06:31:37.477Z] INFO: Server running at http://localhost:4000/graphql
[2025-08-20T06:31:43.604Z] INFO: Database connected successfully!
[2025-08-20T06:31:43.690Z] INFO: Server running at http://localhost:4000/graphql
[2025-08-20T06:31:45.668Z] INFO: Database connected successfully!
[2025-08-20T06:31:45.738Z] INFO: Server running at http://localhost:4000/graphql
[2025-08-20T06:31:56.369Z] INFO: Database connected successfully!
[2025-08-20T06:31:56.446Z] INFO: Server running at http://localhost:4000/graphql
[2025-08-20T06:32:00.547Z] INFO: Database connected successfully!
[2025-08-20T06:32:00.636Z] INFO: Server running at http://localhost:4000/graphql
[2025-08-20T06:32:04.049Z] INFO: Database connected successfully!
[2025-08-20T06:32:04.139Z] INFO: Server running at http://localhost:4000/graphql
[2025-08-20T06:32:06.152Z] INFO: Database connected successfully!
[2025-08-20T06:32:06.234Z] INFO: Server running at http://localhost:4000/graphql
[2025-08-20T06:34:21.757Z] INFO: Database connected successfully!
[2025-08-20T06:34:21.847Z] INFO: Server running at http://localhost:4000/graphql
[2025-08-20T06:34:50.558Z] INFO: Database connected successfully!
[2025-08-20T06:34:50.641Z] INFO: Server running at http://localhost:4000/graphql
[2025-08-20T06:35:13.829Z] INFO: Database connected successfully!
[2025-08-20T06:35:14.002Z] INFO: Server running at http://localhost:4000/graphql
[2025-08-20T06:35:32.648Z] INFO: Database connected successfully!
[2025-08-20T06:35:32.722Z] INFO: Server running at http://localhost:4000/graphql
[2025-08-20T06:36:05.427Z] INFO: Database connected successfully!
[2025-08-20T06:36:05.507Z] INFO: Server running at http://localhost:4000/graphql
[2025-08-20T06:38:44.521Z] INFO: Database connected successfully!
[2025-08-20T06:38:44.602Z] INFO: Server running at http://localhost:4000/graphql
[2025-08-20T06:39:49.404Z] INFO: Database connected successfully!
[2025-08-20T06:39:49.513Z] INFO: Server running at http://localhost:4000/graphql
[2025-08-20T06:40:00.941Z] INFO: Database connected successfully!
[2025-08-20T06:40:01.029Z] INFO: Server running at http://localhost:4000/graphql
[2025-08-20T06:40:09.392Z] INFO: Database connected successfully!
[2025-08-20T06:40:09.526Z] INFO: Server running at http://localhost:4000/graphql
[2025-08-20T06:40:19.967Z] INFO: Database connected successfully!
[2025-08-20T06:40:20.079Z] INFO: Server running at http://localhost:4000/graphql
[2025-08-20T06:40:39.356Z] INFO: Database connected successfully!
[2025-08-20T06:40:39.452Z] INFO: Server running at http://localhost:4000/graphql
[2025-08-20T06:40:53.318Z] INFO: Database connected successfully!
[2025-08-20T06:40:53.401Z] INFO: Server running at http://localhost:4000/graphql
[2025-08-20T06:41:05.750Z] INFO: Database connected successfully!
[2025-08-20T06:41:05.833Z] INFO: Server running at http://localhost:4000/graphql
[2025-08-20T06:41:08.304Z] INFO: Database connected successfully!
[2025-08-20T06:41:08.399Z] INFO: Server running at http://localhost:4000/graphql
[2025-08-20T06:41:09.823Z] INFO: Database connected successfully!
[2025-08-20T06:41:09.911Z] INFO: Server running at http://localhost:4000/graphql
[2025-08-20T06:41:23.330Z] ERROR: Error creating user | Context: {"error":{"message":"No metadata for \"User\" was found."},"userData":{"username":"Rangga","email":"rangga@gmail.com","password":"[HIDDEN]"}}
[2025-08-20T06:42:02.691Z] INFO: Database connected successfully!
[2025-08-20T06:42:02.773Z] INFO: Server running at http://localhost:4000/graphql
[2025-08-20T06:42:24.767Z] INFO: Database connected successfully!
[2025-08-20T06:42:24.847Z] INFO: Server running at http://localhost:4000/graphql
[2025-08-20T06:42:41.440Z] INFO: Database connected successfully!
[2025-08-20T06:42:41.524Z] INFO: Server running at http://localhost:4000/graphql
[2025-08-20T06:43:49.893Z] INFO: Database connected successfully!
[2025-08-20T06:43:49.978Z] INFO: Server running at http://localhost:4000/graphql
[2025-08-20T06:44:12.489Z] INFO: User created successfully | Context: {"userId":"60fc90ad-d21f-42e5-8225-2214e6db36e9","username":"Rangga"}
